<?xml version="1.0" encoding="UTF-8"?>
<!-- Generated by org.testng.reporters.JUnitXMLReporter -->
<testsuite hostname="jorgeatuesta.local" ignored="0" name="Default test" tests="3" failures="0" timestamp="30 abr 2019 15:08:18 GMT" time="10.908" errors="0">
  <testcase name="testFromFile" time="1.473" classname="com.sample.test.testng.TestHeroesAppNG"/>
  <testcase name="testFromFile" time="1.41" classname="com.sample.test.testng.TestHeroesAppNG"/>
  <testcase name="testFromFile" time="1.439" classname="com.sample.test.testng.TestHeroesAppNG"/>
</testsuite> <!-- Default test -->
