<?xml version="1.0" encoding="UTF-8"?>
<!-- Generated by org.testng.reporters.JUnitXMLReporter -->
<testsuite hostname="LAPTOP-QPGO4P4M" ignored="0" name="Default test" tests="2" failures="0" timestamp="30 abr 2019 03:27:18 GMT" time="33.827" errors="0">
  <testcase name="testSampleSearchFromService" time="1.986" classname="com.sample.test.testng.TestHeroesAppNG"/>
  <testcase name="testSampleSearchFromService" time="2.067" classname="com.sample.test.testng.TestHeroesAppNG"/>
</testsuite> <!-- Default test -->
