<?xml version="1.0" encoding="UTF-8"?>
<testng-results skipped="0" failed="0" ignored="0" total="2" passed="2">
  <reporter-output>
  </reporter-output>
  <suite name="Default suite" duration-ms="9649" started-at="2019-05-02T13:31:36Z" finished-at="2019-05-02T13:31:46Z">
    <groups>
    </groups>
    <test name="Default test" duration-ms="9649" started-at="2019-05-02T13:31:36Z" finished-at="2019-05-02T13:31:46Z">
      <class name="com.sample.test.testng.TestHeroesAppNG">
        <test-method status="PASS" signature="setUp()[pri:0, instance:com.sample.test.testng.TestHeroesAppNG@146ba0ac]" name="setUp" is-config="true" duration-ms="2037" started-at="2019-05-02T08:31:37Z" finished-at="2019-05-02T08:31:39Z">
          <reporter-output>
          </reporter-output>
        </test-method> <!-- setUp -->
        <test-method status="PASS" signature="testFromExcel(java.lang.String, java.lang.String, java.lang.String)[pri:0, instance:com.sample.test.testng.TestHeroesAppNG@146ba0ac]" name="testFromExcel" duration-ms="2648" started-at="2019-05-02T08:31:39Z" data-provider="excel_provider" finished-at="2019-05-02T08:31:41Z">
          <params>
            <param index="0">
              <value>
                <![CDATA[Scarlet Witch]]>
              </value>
            </param>
            <param index="1">
              <value>
                <![CDATA[Marvel]]>
              </value>
            </param>
            <param index="2">
              <value>
                <![CDATA[La Bruja Escarlata es una superheroína ficticia que aparece en los cómics publicados por Marvel Comics. Apareció por primera vez en X-Men #4 y fue creada por Stan Lee y Jack Kirby, debutando en la denominada Edad de Plata de los Cómics. ]]>
              </value>
            </param>
          </params>
          <reporter-output>
          </reporter-output>
        </test-method> <!-- testFromExcel -->
        <test-method status="PASS" signature="tearDown()[pri:0, instance:com.sample.test.testng.TestHeroesAppNG@146ba0ac]" name="tearDown" is-config="true" duration-ms="85" started-at="2019-05-02T08:31:41Z" finished-at="2019-05-02T08:31:41Z">
          <reporter-output>
          </reporter-output>
        </test-method> <!-- tearDown -->
        <test-method status="PASS" signature="setUp()[pri:0, instance:com.sample.test.testng.TestHeroesAppNG@146ba0ac]" name="setUp" is-config="true" duration-ms="1569" started-at="2019-05-02T08:31:41Z" finished-at="2019-05-02T08:31:43Z">
          <reporter-output>
          </reporter-output>
        </test-method> <!-- setUp -->
        <test-method status="PASS" signature="testFromExcel(java.lang.String, java.lang.String, java.lang.String)[pri:0, instance:com.sample.test.testng.TestHeroesAppNG@146ba0ac]" name="testFromExcel" duration-ms="2689" started-at="2019-05-02T08:31:43Z" data-provider="excel_provider" finished-at="2019-05-02T08:31:46Z">
          <params>
            <param index="0">
              <value>
                <![CDATA[Cyborg]]>
              </value>
            </param>
            <param index="1">
              <value>
                <![CDATA[DC]]>
              </value>
            </param>
            <param index="2">
              <value>
                <![CDATA[Cyborg es un superhéroe ficticio que aparece en los cómics estadounidenses publicadas por DC Comics. El personaje fue creado por el escritor Marv Wolfman y el artista George Pérez y aparece por primera vez en un suplemento especial en DC Comics Presents #26 (octubre de 1980). Cyborg es conocido como un miembro de los Jóvenes Titanes.]]>
              </value>
            </param>
          </params>
          <reporter-output>
          </reporter-output>
        </test-method> <!-- testFromExcel -->
        <test-method status="PASS" signature="tearDown()[pri:0, instance:com.sample.test.testng.TestHeroesAppNG@146ba0ac]" name="tearDown" is-config="true" duration-ms="85" started-at="2019-05-02T08:31:46Z" finished-at="2019-05-02T08:31:46Z">
          <reporter-output>
          </reporter-output>
        </test-method> <!-- tearDown -->
      </class> <!-- com.sample.test.testng.TestHeroesAppNG -->
    </test> <!-- Default test -->
  </suite> <!-- Default suite -->
</testng-results>
