<?xml version="1.0" encoding="UTF-8"?>
<testng-results skipped="0" failed="0" ignored="0" total="4" passed="4">
  <reporter-output>
  </reporter-output>
  <suite name="Default suite" duration-ms="9286" started-at="2019-04-29T21:51:17Z" finished-at="2019-04-29T21:51:26Z">
    <groups>
    </groups>
    <test name="Default test" duration-ms="9286" started-at="2019-04-29T21:51:17Z" finished-at="2019-04-29T21:51:26Z">
      <class name="com.sample.test.testng.TestHeroesAppNG">
        <test-method status="PASS" signature="setUp()[pri:0, instance:com.sample.test.testng.TestHeroesAppNG@4678c730]" name="setUp" is-config="true" duration-ms="2172" started-at="2019-04-29T16:51:17Z" finished-at="2019-04-29T16:51:19Z">
          <reporter-output>
          </reporter-output>
        </test-method> <!-- setUp -->
        <test-method status="PASS" signature="testFromAnotherClass(java.lang.String, java.lang.String, java.lang.String)[pri:0, instance:com.sample.test.testng.TestHeroesAppNG@4678c730]" name="testFromAnotherClass" duration-ms="514" started-at="2019-04-29T16:51:19Z" data-provider="provider2" finished-at="2019-04-29T16:51:19Z">
          <params>
            <param index="0">
              <value>
                <![CDATA[Green Lantern]]>
              </value>
            </param>
            <param index="1">
              <value>
                <![CDATA[DC]]>
              </value>
            </param>
            <param index="2">
              <value>
                <![CDATA[bio de Green Lantern]]>
              </value>
            </param>
          </params>
          <reporter-output>
          </reporter-output>
        </test-method> <!-- testFromAnotherClass -->
        <test-method status="PASS" signature="tearDown()[pri:0, instance:com.sample.test.testng.TestHeroesAppNG@4678c730]" name="tearDown" is-config="true" duration-ms="84" started-at="2019-04-29T16:51:19Z" finished-at="2019-04-29T16:51:20Z">
          <reporter-output>
          </reporter-output>
        </test-method> <!-- tearDown -->
        <test-method status="PASS" signature="setUp()[pri:0, instance:com.sample.test.testng.TestHeroesAppNG@4678c730]" name="setUp" is-config="true" duration-ms="1571" started-at="2019-04-29T16:51:20Z" finished-at="2019-04-29T16:51:21Z">
          <reporter-output>
          </reporter-output>
        </test-method> <!-- setUp -->
        <test-method status="PASS" signature="testFromAnotherClass(java.lang.String, java.lang.String, java.lang.String)[pri:0, instance:com.sample.test.testng.TestHeroesAppNG@4678c730]" name="testFromAnotherClass" duration-ms="495" started-at="2019-04-29T16:51:21Z" data-provider="provider2" finished-at="2019-04-29T16:51:22Z">
          <params>
            <param index="0">
              <value>
                <![CDATA[Iron Man]]>
              </value>
            </param>
            <param index="1">
              <value>
                <![CDATA[Marvel]]>
              </value>
            </param>
            <param index="2">
              <value>
                <![CDATA[bio de Iron Man]]>
              </value>
            </param>
          </params>
          <reporter-output>
          </reporter-output>
        </test-method> <!-- testFromAnotherClass -->
        <test-method status="PASS" signature="tearDown()[pri:0, instance:com.sample.test.testng.TestHeroesAppNG@4678c730]" name="tearDown" is-config="true" duration-ms="82" started-at="2019-04-29T16:51:22Z" finished-at="2019-04-29T16:51:22Z">
          <reporter-output>
          </reporter-output>
        </test-method> <!-- tearDown -->
        <test-method status="PASS" signature="setUp()[pri:0, instance:com.sample.test.testng.TestHeroesAppNG@4678c730]" name="setUp" is-config="true" duration-ms="1603" started-at="2019-04-29T16:51:22Z" finished-at="2019-04-29T16:51:23Z">
          <reporter-output>
          </reporter-output>
        </test-method> <!-- setUp -->
        <test-method status="PASS" signature="testFromSameClass(java.lang.String, java.lang.String, java.lang.String)[pri:0, instance:com.sample.test.testng.TestHeroesAppNG@4678c730]" name="testFromSameClass" duration-ms="512" started-at="2019-04-29T16:51:23Z" data-provider="provider1" finished-at="2019-04-29T16:51:24Z">
          <params>
            <param index="0">
              <value>
                <![CDATA[Spiderman]]>
              </value>
            </param>
            <param index="1">
              <value>
                <![CDATA[Marvel]]>
              </value>
            </param>
            <param index="2">
              <value>
                <![CDATA[bio de spiderman]]>
              </value>
            </param>
          </params>
          <reporter-output>
          </reporter-output>
        </test-method> <!-- testFromSameClass -->
        <test-method status="PASS" signature="tearDown()[pri:0, instance:com.sample.test.testng.TestHeroesAppNG@4678c730]" name="tearDown" is-config="true" duration-ms="83" started-at="2019-04-29T16:51:24Z" finished-at="2019-04-29T16:51:24Z">
          <reporter-output>
          </reporter-output>
        </test-method> <!-- tearDown -->
        <test-method status="PASS" signature="setUp()[pri:0, instance:com.sample.test.testng.TestHeroesAppNG@4678c730]" name="setUp" is-config="true" duration-ms="1588" started-at="2019-04-29T16:51:24Z" finished-at="2019-04-29T16:51:25Z">
          <reporter-output>
          </reporter-output>
        </test-method> <!-- setUp -->
        <test-method status="PASS" signature="testFromSameClass(java.lang.String, java.lang.String, java.lang.String)[pri:0, instance:com.sample.test.testng.TestHeroesAppNG@4678c730]" name="testFromSameClass" duration-ms="481" started-at="2019-04-29T16:51:25Z" data-provider="provider1" finished-at="2019-04-29T16:51:26Z">
          <params>
            <param index="0">
              <value>
                <![CDATA[Batman]]>
              </value>
            </param>
            <param index="1">
              <value>
                <![CDATA[DC]]>
              </value>
            </param>
            <param index="2">
              <value>
                <![CDATA[bio de batman]]>
              </value>
            </param>
          </params>
          <reporter-output>
          </reporter-output>
        </test-method> <!-- testFromSameClass -->
        <test-method status="PASS" signature="tearDown()[pri:0, instance:com.sample.test.testng.TestHeroesAppNG@4678c730]" name="tearDown" is-config="true" duration-ms="83" started-at="2019-04-29T16:51:26Z" finished-at="2019-04-29T16:51:26Z">
          <reporter-output>
          </reporter-output>
        </test-method> <!-- tearDown -->
      </class> <!-- com.sample.test.testng.TestHeroesAppNG -->
    </test> <!-- Default test -->
  </suite> <!-- Default suite -->
</testng-results>
